yolov5/build/intermediates/manifest_merge_blame_file/debug/manifest-merger-blame-debug-report.txt
1<?xml version="1.0" encoding="utf-8"?>
2<manifest xmlns:android="http://schemas.android.com/apk/res/android"
3    package="com.tencent.yolov5ncnn"
4    android:versionCode="1"
5    android:versionName="1.1" >
6
7    <uses-sdk android:minSdkVersion="24" />
7-->src\main\AndroidManifest.xml
8
9    <application android:label="@string/app_name" >
9-->src\main\AndroidManifest.xml:6:5-14:19
9-->src\main\AndroidManifest.xml:6:18-50
10        <activity
10-->src\main\AndroidManifest.xml:7:9-13:20
11            android:name="com.tencent.yolov5ncnn.MainActivity"
11-->src\main\AndroidManifest.xml:7:19-46
12            android:label="@string/app_name" >
12-->src\main\AndroidManifest.xml:8:19-51
13            <intent-filter>
13-->src\main\AndroidManifest.xml:9:13-12:29
14                <action android:name="android.intent.action.MAIN" />
14-->src\main\AndroidManifest.xml:10:17-69
14-->src\main\AndroidManifest.xml:10:25-66
15
16                <category android:name="android.intent.category.LAUNCHER" />
16-->src\main\AndroidManifest.xml:11:17-77
16-->src\main\AndroidManifest.xml:11:27-74
17            </intent-filter>
18        </activity>
19    </application>
20
21</manifest>